2019-05-08 08:37:06 +0000  Initial pipeline context: <IDEDistributionProcessingPipelineContext: 0x7f9d95201fc0; archive(resolved)='<IDEArchive: 0x7f9d94664490>', distributionTask(resolved)='2', distributionDestination(resolved)='1', distributionMethod(resolved)='<IDEDistributionMethodiOSEnterprise: 0x7f9d93c5c270>', team(resolved)='<IDEProvisioningDisambiguatableBasicTeam: 0x7f9d94af7230; teamID='ECY7UG34WK', teamName='Fujian Centerm Information Co., Ltd.', teamType='Enterprise', username='4680414@qq.com', isFreeProvisioningTeam='0'>'>
	Chain (12, self inclusive):
	<IDEDistributionProcessingPipelineContext: 0x7f9d95201fc0; archive = '<IDEArchive: 0x7f9d94664490>', distributionMethod='<IDEDistributionMethodiOSEnterprise: 0x7f9d93c5c270>', team='<IDEProvisioningDisambiguatableBasicTeam: 0x7f9d94af7230; teamID='ECY7UG34WK', teamName='Fujian Centerm Information Co., Ltd.', teamType='Enterprise', username='4680414@qq.com', isFreeProvisioningTeam='0'>'>
	<IDEDistributionProcessingPipelineContext: 0x7f9d94ff7c10; archive = '<IDEArchive: 0x7f9d94664490>', distributionMethod='<IDEDistributionMethodiOSEnterprise: 0x7f9d93c5c270>', team='<IDEProvisioningDisambiguatableBasicTeam: 0x7f9d94af7230; teamID='ECY7UG34WK', teamName='Fujian Centerm Information Co., Ltd.', teamType='Enterprise', username='4680414@qq.com', isFreeProvisioningTeam='0'>'>
	<IDEDistributionContext: 0x7f9d95079bc0; archive = '<IDEArchive: 0x7f9d94664490>', distributionMethod='<IDEDistributionMethodiOSEnterprise: 0x7f9d93c5c270>', team='<IDEProvisioningDisambiguatableBasicTeam: 0x7f9d94af7230; teamID='ECY7UG34WK', teamName='Fujian Centerm Information Co., Ltd.', teamType='Enterprise', username='4680414@qq.com', isFreeProvisioningTeam='0'>'>
	<IDEDistributionContext: 0x7f9d94f3cd80; archive = '<IDEArchive: 0x7f9d94664490>', distributionMethod='<IDEDistributionMethodiOSEnterprise: 0x7f9d93c5c270>', team='<IDEProvisioningDisambiguatableBasicTeam: 0x7f9d94af7230; teamID='ECY7UG34WK', teamName='Fujian Centerm Information Co., Ltd.', teamType='Enterprise', username='4680414@qq.com', isFreeProvisioningTeam='0'>'>
	<IDEDistributionContext: 0x7f9d93f9bf70; archive = '<IDEArchive: 0x7f9d94664490>', distributionMethod='<IDEDistributionMethodiOSEnterprise: 0x7f9d93c5c270>', team='<IDEProvisioningDisambiguatableBasicTeam: 0x7f9d94af7230; teamID='ECY7UG34WK', teamName='Fujian Centerm Information Co., Ltd.', teamType='Enterprise', username='4680414@qq.com', isFreeProvisioningTeam='0'>'>
	<IDEDistributionContext: 0x7f9d92169060; archive = '<IDEArchive: 0x7f9d94664490>', distributionMethod='<IDEDistributionMethodiOSEnterprise: 0x7f9d93c5c270>', team='<IDEProvisioningDisambiguatableBasicTeam: 0x7f9d94af7230; teamID='ECY7UG34WK', teamName='Fujian Centerm Information Co., Ltd.', teamType='Enterprise', username='4680414@qq.com', isFreeProvisioningTeam='0'>'>
	<IDEDistributionContext: 0x7f9d94875cf0; archive = '<IDEArchive: 0x7f9d94664490>', distributionMethod='<IDEDistributionMethodiOSEnterprise: 0x7f9d93c5c270>', team='<IDEProvisioningDisambiguatableBasicTeam: 0x7f9d94af7230; teamID='ECY7UG34WK', teamName='Fujian Centerm Information Co., Ltd.', teamType='Enterprise', username='4680414@qq.com', isFreeProvisioningTeam='0'>'>
	<IDEDistributionContext: 0x7f9d9503aed0; archive = '<IDEArchive: 0x7f9d94664490>', distributionMethod='<IDEDistributionMethodiOSEnterprise: 0x7f9d93c5c270>', team='<IDEProvisioningDisambiguatableBasicTeam: 0x7f9d94af7230; teamID='ECY7UG34WK', teamName='Fujian Centerm Information Co., Ltd.', teamType='Enterprise', username='4680414@qq.com', isFreeProvisioningTeam='0'>'>
	<IDEDistributionContext: 0x7f9d94fe1430; archive = '<IDEArchive: 0x7f9d94664490>', distributionMethod='<IDEDistributionMethodiOSEnterprise: 0x7f9d93c5c270>', team='<IDEProvisioningDisambiguatableBasicTeam: 0x7f9d94af7230; teamID='ECY7UG34WK', teamName='Fujian Centerm Information Co., Ltd.', teamType='Enterprise', username='4680414@qq.com', isFreeProvisioningTeam='0'>'>
	<IDEDistributionContext: 0x7f9d94fe4ec0; archive = '<IDEArchive: 0x7f9d94664490>', distributionMethod='<IDEDistributionMethodiOSEnterprise: 0x7f9d93c5c270>', team='(null)'>
	<IDEDistributionContext: 0x7f9d94bb8e30; archive = '<IDEArchive: 0x7f9d94664490>', distributionMethod='<IDEDistributionMethodiOSEnterprise: 0x7f9d93c5c270>', team='(null)'>
	<IDEDistributionContext: 0x7f9d8fe7ee50; archive = '<IDEArchive: 0x7f9d94664490>', distributionMethod='(null)', team='(null)'>
</IDEDistributionProcessingPipelineContext: 0x7f9d95201fc0>
2019-05-08 08:37:06 +0000  Processing step: IDEDistributionCreateDestRootStep
2019-05-08 08:37:06 +0000  Processing step: IDEDistributionCopyItemStep
2019-05-08 08:37:06 +0000  Running /usr/bin/ditto '-V' '/Users/weiliangchen/Library/Developer/Xcode/Archives/2019-05-08/WeixunClient 2019-5-8, 4.34 PM.xcarchive/Products/Applications/WeixunClient.app' '/var/folders/vq/fkm7rzwj7l7_zkyqr62rcmch0000gn/T/XcodeDistPipeline.Bth/Root/Payload/WeixunClient.app'
2019-05-08 08:37:06 +0000  >>> Copying /Users/weiliangchen/Library/Developer/Xcode/Archives/2019-05-08/WeixunClient 2019-5-8, 4.34 PM.xcarchive/Products/Applications/WeixunClient.app 
2019-05-08 08:37:06 +0000  copying file ./_CodeSignature/CodeResources ... 
2019-05-08 08:37:06 +0000  13719 bytes for ./_CodeSignature/CodeResources
2019-05-08 08:37:06 +0000  copying file ./pwd_invisible.png ... 
2019-05-08 08:37:06 +0000  1345 bytes for ./pwd_invisible.png
copying file ./win_gray_key.png ... 
2019-05-08 08:37:06 +0000  687 bytes for ./win_gray_key.png
2019-05-08 08:37:06 +0000  copying file ./WeixunClient ... 
2019-05-08 08:37:06 +0000  6393872 bytes for ./WeixunClient
copying file ./pwd_visible.png ... 
2019-05-08 08:37:06 +0000  1803 bytes for ./pwd_visible.png
copying file ./float_touch.png ... 
5030 bytes for ./float_touch.png
copying file ./float_setting.png ... 
5759 bytes for ./float_setting.png
copying file ./arrow_left.png ... 
443 bytes for ./arrow_left.png
copying file ./float_switch_desktop.png ... 
3789 bytes for ./float_switch_desktop.png
copying file ./float_keyboard.png ... 
4542 bytes for ./float_keyboard.png
copying file ./AppIcon60x60@2x.png ... 
3056 bytes for ./AppIcon60x60@2x.png
copying file ./centermweixun.png ... 
18268 bytes for ./centermweixun.png
copying file ./float_blank.png ... 
6613 bytes for ./float_blank.png
copying file ./sp8.png ... 
3689 bytes for ./sp8.png
copying file ./Base.lproj/EntrySelect.storyboardc/UIViewController-ocO-1o-R0J.nib ... 
1464 bytes for ./Base.lproj/EntrySelect.storyboardc/UIViewController-ocO-1o-R0J.nib
copying file ./Base.lproj/EntrySelect.storyboardc/ocO-1o-R0J-view-rSu-iH-ihq.nib ... 
9779 bytes for ./Base.lproj/EntrySelect.storyboardc/ocO-1o-R0J-view-rSu-iH-ihq.nib
copying file ./Base.lproj/EntrySelect.storyboardc/UIViewController-H04-v0-Lhw.nib ... 
1360 bytes for ./Base.lproj/EntrySelect.storyboardc/UIViewController-H04-v0-Lhw.nib
copying file ./Base.lproj/EntrySelect.storyboardc/UIViewController-CWK-5W-QeV.nib ... 
1446 bytes for ./Base.lproj/EntrySelect.storyboardc/UIViewController-CWK-5W-QeV.nib
copying file ./Base.lproj/EntrySelect.storyboardc/H04-v0-Lhw-view-A1I-3R-75N.nib ... 
7190 bytes for ./Base.lproj/EntrySelect.storyboardc/H04-v0-Lhw-view-A1I-3R-75N.nib
copying file ./Base.lproj/EntrySelect.storyboardc/UIViewController-Eu4-XX-YVN.nib ... 
761 bytes for ./Base.lproj/EntrySelect.storyboardc/UIViewController-Eu4-XX-YVN.nib
copying file ./Base.lproj/EntrySelect.storyboardc/CWK-5W-QeV-view-eV3-73-Ko5.nib ... 
5896 bytes for ./Base.lproj/EntrySelect.storyboardc/CWK-5W-QeV-view-eV3-73-Ko5.nib
copying file ./Base.lproj/EntrySelect.storyboardc/Info.plist ... 
617 bytes for ./Base.lproj/EntrySelect.storyboardc/Info.plist
copying file ./Base.lproj/LaunchScreen.storyboardc/01J-lp-oVM-view-Ze5-6b-2t3.nib ... 
5007 bytes for ./Base.lproj/LaunchScreen.storyboardc/01J-lp-oVM-view-Ze5-6b-2t3.nib
copying file ./Base.lproj/LaunchScreen.storyboardc/UIViewController-01J-lp-oVM.nib ... 
832 bytes for ./Base.lproj/LaunchScreen.storyboardc/UIViewController-01J-lp-oVM.nib
copying file ./Base.lproj/LaunchScreen.storyboardc/Info.plist ... 
258 bytes for ./Base.lproj/LaunchScreen.storyboardc/Info.plist
copying file ./sp9.png ... 
3677 bytes for ./sp9.png
copying file ./sp4.png ... 
1625 bytes for ./sp4.png
copying file ./sp10.png ... 
1621 bytes for ./sp10.png
copying file ./sp11.png ... 
3789 bytes for ./sp11.png
copying file ./sp5.png ... 
3769 bytes for ./sp5.png
copying file ./float_mouse.png ... 
4273 bytes for ./float_mouse.png
copying file ./drag_btn.png ... 
8048 bytes for ./drag_btn.png
copying file ./sp7.png ... 
1608 bytes for ./sp7.png
copying file ./WeixunClient.storyboardc/MainViewController.nib ... 
1275 bytes for ./WeixunClient.storyboardc/MainViewController.nib
copying file ./WeixunClient.storyboardc/UIViewController-POC-Nt-qsH.nib ... 
1272 bytes for ./WeixunClient.storyboardc/UIViewController-POC-Nt-qsH.nib
copying file ./WeixunClient.storyboardc/x3o-Ym-b6k-view-QD9-OP-aXJ.nib ... 
14779 bytes for ./WeixunClient.storyboardc/x3o-Ym-b6k-view-QD9-OP-aXJ.nib
copying file ./WeixunClient.storyboardc/POC-Nt-qsH-view-HLs-nX-CGk.nib ... 
3003 bytes for ./WeixunClient.storyboardc/POC-Nt-qsH-view-HLs-nX-CGk.nib
copying file ./WeixunClient.storyboardc/Info.plist ... 
315 bytes for ./WeixunClient.storyboardc/Info.plist
copying file ./Assets.car ... 
108920 bytes for ./Assets.car
copying file ./sp12.png ... 
3744 bytes for ./sp12.png
copying file ./sp6.png ... 
2019-05-08 08:37:06 +0000  3748 bytes for ./sp6.png
copying file ./AppIcon76x76@2x~ipad.png ... 
3827 bytes for ./AppIcon76x76@2x~ipad.png
copying file ./sp2.png ... 
3730 bytes for ./sp2.png
copying file ./sp3.png ... 
3755 bytes for ./sp3.png
copying file ./sp1.png ... 
1611 bytes for ./sp1.png
copying file ./home_logo.png ... 
2019-05-08 08:37:06 +0000  428224 bytes for ./home_logo.png
2019-05-08 08:37:06 +0000  copying file ./setting_2.png ... 
1182 bytes for ./setting_2.png
copying file ./embedded.mobileprovision ... 
53785 bytes for ./embedded.mobileprovision
copying file ./float_home.png ... 
3234 bytes for ./float_home.png
copying file ./arrow_down.png ... 
973 bytes for ./arrow_down.png
copying file ./Info.plist ... 
1367 bytes for ./Info.plist
copying file ./PkgInfo ... 
2019-05-08 08:37:06 +0000  8 bytes for ./PkgInfo
copying file ./float_disconnect.png ... 
2019-05-08 08:37:06 +0000  4636 bytes for ./float_disconnect.png
2019-05-08 08:37:06 +0000  /usr/bin/ditto exited with 0
2019-05-08 08:37:06 +0000  Processing step: IDEDistributionEmbedProfileStep
2019-05-08 08:37:06 +0000  Processing step: IDEDistributionAppThinningPlistStep
2019-05-08 08:37:06 +0000  Skipping step: IDEDistributionAppThinningPlistStep because it said so
2019-05-08 08:37:06 +0000  Processing step: IDEDistributionCompileBitcodeStep
2019-05-08 08:37:06 +0000  Skipping step: IDEDistributionCompileBitcodeStep because it said so
2019-05-08 08:37:06 +0000  Processing step: IDEDistributionCodeSlimmingStep
2019-05-08 08:37:06 +0000  Processing step: IDEDistributionCopyBCSymbolMapsStep
2019-05-08 08:37:06 +0000  Skipping step: IDEDistributionCopyBCSymbolMapsStep because it said so
2019-05-08 08:37:06 +0000  Processing step: IDEDistributionSymbolsStep
2019-05-08 08:37:06 +0000  Skipping step: IDEDistributionSymbolsStep because it said so
2019-05-08 08:37:06 +0000  Processing step: IDEDistributionAppThinningStep
2019-05-08 08:37:06 +0000  Skipping step: IDEDistributionAppThinningStep because it said so
2019-05-08 08:37:06 +0000  Processing step: IDEDistributionArchThinningStep
2019-05-08 08:37:06 +0000  Running /Applications/Xcode.app/Contents/Developer/Toolchains/XcodeDefault.xctoolchain/usr/bin/lipo '/var/folders/vq/fkm7rzwj7l7_zkyqr62rcmch0000gn/T/XcodeDistPipeline.Bth/Root/Payload/WeixunClient.app/WeixunClient' '-verify_arch' 'arm64e'
2019-05-08 08:37:06 +0000  /Applications/Xcode.app/Contents/Developer/Toolchains/XcodeDefault.xctoolchain/usr/bin/lipo exited with 1
2019-05-08 08:37:06 +0000  Skipping architecture thinning for item "WeixunClient" because arch "arm64e" wasn't found
2019-05-08 08:37:06 +0000  Processing step: IDEDistributionODRStep
2019-05-08 08:37:06 +0000  Processing step: IDEDistributionStripXattrsStep
2019-05-08 08:37:06 +0000  Running /usr/bin/xattr '-crs' '/var/folders/vq/fkm7rzwj7l7_zkyqr62rcmch0000gn/T/XcodeDistPipeline.Bth/Root/Payload/WeixunClient.app'
2019-05-08 08:37:06 +0000  /usr/bin/xattr exited with 0
2019-05-08 08:37:06 +0000  Processing step: IDEDistributionCodesignStep
2019-05-08 08:37:06 +0000  Entitlements for <IDEDistributionItem: 0x7f9d9484ea20 'com.centerm.weixunclient' '<DVTFilePath:0x7f9d94e3fc30:'/Users/weiliangchen/Library/Developer/Xcode/Archives/2019-05-08/WeixunClient 2019-5-8, 4.34 PM.xcarchive/Products/Applications/WeixunClient.app'>'>: {
    "application-identifier" = "ECY7UG34WK.com.centerm.weixunclient";
    "com.apple.developer.team-identifier" = ECY7UG34WK;
    "get-task-allow" = 0;
    "keychain-access-groups" =     (
        "ECY7UG34WK.com.centerm.weixunclient"
    );
}
2019-05-08 08:37:06 +0000  Writing entitlements for <IDEDistributionItem: 0x7f9d9484ea20 'com.centerm.weixunclient' '<DVTFilePath:0x7f9d94e3fc30:'/Users/weiliangchen/Library/Developer/Xcode/Archives/2019-05-08/WeixunClient 2019-5-8, 4.34 PM.xcarchive/Products/Applications/WeixunClient.app'>'> to: /var/folders/vq/fkm7rzwj7l7_zkyqr62rcmch0000gn/T/XcodeDistPipeline.Bth/entitlementsPxmNjI
2019-05-08 08:37:06 +0000  Running /usr/bin/codesign '-vvv' '--force' '--sign' 'CF13040CF8927FF5E9558F58C0368139A7DEE611' '--entitlements' '/var/folders/vq/fkm7rzwj7l7_zkyqr62rcmch0000gn/T/XcodeDistPipeline.Bth/entitlementsPxmNjI' '--preserve-metadata=identifier,flags,runtime' '/var/folders/vq/fkm7rzwj7l7_zkyqr62rcmch0000gn/T/XcodeDistPipeline.Bth/Root/Payload/WeixunClient.app'
2019-05-08 08:37:06 +0000  /var/folders/vq/fkm7rzwj7l7_zkyqr62rcmch0000gn/T/XcodeDistPipeline.Bth/Root/Payload/WeixunClient.app: replacing existing signature
2019-05-08 08:37:09 +0000  /var/folders/vq/fkm7rzwj7l7_zkyqr62rcmch0000gn/T/XcodeDistPipeline.Bth/Root/Payload/WeixunClient.app: signed app bundle with Mach-O thin (arm64) [com.centerm.weixunclient]
2019-05-08 08:37:09 +0000  /usr/bin/codesign exited with 0
2019-05-08 08:37:09 +0000  Processing step: IDEDistributionZipODRItemStep
2019-05-08 08:37:09 +0000  Skipping step: IDEDistributionZipODRItemStep because it said so
2019-05-08 08:37:09 +0000  Processing step: IDEDistributionCreateIPAStep
2019-05-08 08:37:09 +0000  Running /usr/bin/ditto '-V' '-c' '-k' '--norsrc' '/var/folders/vq/fkm7rzwj7l7_zkyqr62rcmch0000gn/T/XcodeDistPipeline.Bth/Root' '/var/folders/vq/fkm7rzwj7l7_zkyqr62rcmch0000gn/T/XcodeDistPipeline.Bth/Packages/WeixunClient.ipa'
2019-05-08 08:37:09 +0000  >>> Copying /var/folders/vq/fkm7rzwj7l7_zkyqr62rcmch0000gn/T/XcodeDistPipeline.Bth/Root 
2019-05-08 08:37:09 +0000  copying file ./Payload/WeixunClient.app/_CodeSignature/CodeResources ... 
2019-05-08 08:37:09 +0000  13719 bytes for ./Payload/WeixunClient.app/_CodeSignature/CodeResources
2019-05-08 08:37:09 +0000  copying file ./Payload/WeixunClient.app/pwd_invisible.png ... 
2019-05-08 08:37:09 +0000  1345 bytes for ./Payload/WeixunClient.app/pwd_invisible.png
copying file ./Payload/WeixunClient.app/win_gray_key.png ... 
2019-05-08 08:37:09 +0000  687 bytes for ./Payload/WeixunClient.app/win_gray_key.png
copying file ./Payload/WeixunClient.app/WeixunClient ... 
2019-05-08 08:37:09 +0000  6393904 bytes for ./Payload/WeixunClient.app/WeixunClient
copying file ./Payload/WeixunClient.app/pwd_visible.png ... 
2019-05-08 08:37:09 +0000  1803 bytes for ./Payload/WeixunClient.app/pwd_visible.png
copying file ./Payload/WeixunClient.app/float_touch.png ... 
2019-05-08 08:37:09 +0000  5030 bytes for ./Payload/WeixunClient.app/float_touch.png
copying file ./Payload/WeixunClient.app/float_setting.png ... 
2019-05-08 08:37:09 +0000  5759 bytes for ./Payload/WeixunClient.app/float_setting.png
2019-05-08 08:37:09 +0000  copying file ./Payload/WeixunClient.app/arrow_left.png ... 
2019-05-08 08:37:09 +0000  443 bytes for ./Payload/WeixunClient.app/arrow_left.png
copying file ./Payload/WeixunClient.app/float_switch_desktop.png ... 
2019-05-08 08:37:09 +0000  3789 bytes for ./Payload/WeixunClient.app/float_switch_desktop.png
2019-05-08 08:37:09 +0000  copying file ./Payload/WeixunClient.app/float_keyboard.png ... 
2019-05-08 08:37:09 +0000  4542 bytes for ./Payload/WeixunClient.app/float_keyboard.png
2019-05-08 08:37:09 +0000  copying file ./Payload/WeixunClient.app/AppIcon60x60@2x.png ... 
2019-05-08 08:37:09 +0000  3056 bytes for ./Payload/WeixunClient.app/AppIcon60x60@2x.png
copying file ./Payload/WeixunClient.app/centermweixun.png ... 
18268 bytes for ./Payload/WeixunClient.app/centermweixun.png
copying file ./Payload/WeixunClient.app/float_blank.png ... 
2019-05-08 08:37:09 +0000  6613 bytes for ./Payload/WeixunClient.app/float_blank.png
copying file ./Payload/WeixunClient.app/sp8.png ... 
2019-05-08 08:37:09 +0000  3689 bytes for ./Payload/WeixunClient.app/sp8.png
2019-05-08 08:37:09 +0000  copying file ./Payload/WeixunClient.app/Base.lproj/EntrySelect.storyboardc/UIViewController-ocO-1o-R0J.nib ... 
2019-05-08 08:37:09 +0000  1464 bytes for ./Payload/WeixunClient.app/Base.lproj/EntrySelect.storyboardc/UIViewController-ocO-1o-R0J.nib
2019-05-08 08:37:09 +0000  copying file ./Payload/WeixunClient.app/Base.lproj/EntrySelect.storyboardc/ocO-1o-R0J-view-rSu-iH-ihq.nib ... 
2019-05-08 08:37:09 +0000  9779 bytes for ./Payload/WeixunClient.app/Base.lproj/EntrySelect.storyboardc/ocO-1o-R0J-view-rSu-iH-ihq.nib
2019-05-08 08:37:09 +0000  copying file ./Payload/WeixunClient.app/Base.lproj/EntrySelect.storyboardc/UIViewController-H04-v0-Lhw.nib ... 
2019-05-08 08:37:09 +0000  1360 bytes for ./Payload/WeixunClient.app/Base.lproj/EntrySelect.storyboardc/UIViewController-H04-v0-Lhw.nib
copying file ./Payload/WeixunClient.app/Base.lproj/EntrySelect.storyboardc/UIViewController-CWK-5W-QeV.nib ... 
2019-05-08 08:37:09 +0000  1446 bytes for ./Payload/WeixunClient.app/Base.lproj/EntrySelect.storyboardc/UIViewController-CWK-5W-QeV.nib
2019-05-08 08:37:09 +0000  copying file ./Payload/WeixunClient.app/Base.lproj/EntrySelect.storyboardc/H04-v0-Lhw-view-A1I-3R-75N.nib ... 
2019-05-08 08:37:09 +0000  7190 bytes for ./Payload/WeixunClient.app/Base.lproj/EntrySelect.storyboardc/H04-v0-Lhw-view-A1I-3R-75N.nib
2019-05-08 08:37:09 +0000  copying file ./Payload/WeixunClient.app/Base.lproj/EntrySelect.storyboardc/UIViewController-Eu4-XX-YVN.nib ... 
2019-05-08 08:37:09 +0000  761 bytes for ./Payload/WeixunClient.app/Base.lproj/EntrySelect.storyboardc/UIViewController-Eu4-XX-YVN.nib
copying file ./Payload/WeixunClient.app/Base.lproj/EntrySelect.storyboardc/CWK-5W-QeV-view-eV3-73-Ko5.nib ... 
2019-05-08 08:37:09 +0000  5896 bytes for ./Payload/WeixunClient.app/Base.lproj/EntrySelect.storyboardc/CWK-5W-QeV-view-eV3-73-Ko5.nib
2019-05-08 08:37:09 +0000  copying file ./Payload/WeixunClient.app/Base.lproj/EntrySelect.storyboardc/Info.plist ... 
2019-05-08 08:37:09 +0000  617 bytes for ./Payload/WeixunClient.app/Base.lproj/EntrySelect.storyboardc/Info.plist
copying file ./Payload/WeixunClient.app/Base.lproj/LaunchScreen.storyboardc/01J-lp-oVM-view-Ze5-6b-2t3.nib ... 
5007 bytes for ./Payload/WeixunClient.app/Base.lproj/LaunchScreen.storyboardc/01J-lp-oVM-view-Ze5-6b-2t3.nib
copying file ./Payload/WeixunClient.app/Base.lproj/LaunchScreen.storyboardc/UIViewController-01J-lp-oVM.nib ... 
832 bytes for ./Payload/WeixunClient.app/Base.lproj/LaunchScreen.storyboardc/UIViewController-01J-lp-oVM.nib
copying file ./Payload/WeixunClient.app/Base.lproj/LaunchScreen.storyboardc/Info.plist ... 
258 bytes for ./Payload/WeixunClient.app/Base.lproj/LaunchScreen.storyboardc/Info.plist
2019-05-08 08:37:09 +0000  copying file ./Payload/WeixunClient.app/sp9.png ... 
2019-05-08 08:37:09 +0000  3677 bytes for ./Payload/WeixunClient.app/sp9.png
copying file ./Payload/WeixunClient.app/sp4.png ... 
2019-05-08 08:37:09 +0000  1625 bytes for ./Payload/WeixunClient.app/sp4.png
2019-05-08 08:37:09 +0000  copying file ./Payload/WeixunClient.app/sp10.png ... 
2019-05-08 08:37:09 +0000  1621 bytes for ./Payload/WeixunClient.app/sp10.png
copying file ./Payload/WeixunClient.app/sp11.png ... 
2019-05-08 08:37:09 +0000  3789 bytes for ./Payload/WeixunClient.app/sp11.png
2019-05-08 08:37:09 +0000  copying file ./Payload/WeixunClient.app/sp5.png ... 
2019-05-08 08:37:09 +0000  3769 bytes for ./Payload/WeixunClient.app/sp5.png
copying file ./Payload/WeixunClient.app/float_mouse.png ... 
2019-05-08 08:37:09 +0000  4273 bytes for ./Payload/WeixunClient.app/float_mouse.png
copying file ./Payload/WeixunClient.app/drag_btn.png ... 
2019-05-08 08:37:09 +0000  8048 bytes for ./Payload/WeixunClient.app/drag_btn.png
2019-05-08 08:37:09 +0000  copying file ./Payload/WeixunClient.app/sp7.png ... 
2019-05-08 08:37:09 +0000  1608 bytes for ./Payload/WeixunClient.app/sp7.png
2019-05-08 08:37:09 +0000  copying file ./Payload/WeixunClient.app/WeixunClient.storyboardc/MainViewController.nib ... 
2019-05-08 08:37:09 +0000  1275 bytes for ./Payload/WeixunClient.app/WeixunClient.storyboardc/MainViewController.nib
copying file ./Payload/WeixunClient.app/WeixunClient.storyboardc/UIViewController-POC-Nt-qsH.nib ... 
2019-05-08 08:37:09 +0000  1272 bytes for ./Payload/WeixunClient.app/WeixunClient.storyboardc/UIViewController-POC-Nt-qsH.nib
copying file ./Payload/WeixunClient.app/WeixunClient.storyboardc/x3o-Ym-b6k-view-QD9-OP-aXJ.nib ... 
2019-05-08 08:37:09 +0000  14779 bytes for ./Payload/WeixunClient.app/WeixunClient.storyboardc/x3o-Ym-b6k-view-QD9-OP-aXJ.nib
2019-05-08 08:37:09 +0000  copying file ./Payload/WeixunClient.app/WeixunClient.storyboardc/POC-Nt-qsH-view-HLs-nX-CGk.nib ... 
2019-05-08 08:37:09 +0000  3003 bytes for ./Payload/WeixunClient.app/WeixunClient.storyboardc/POC-Nt-qsH-view-HLs-nX-CGk.nib
2019-05-08 08:37:09 +0000  copying file ./Payload/WeixunClient.app/WeixunClient.storyboardc/Info.plist ... 
2019-05-08 08:37:09 +0000  315 bytes for ./Payload/WeixunClient.app/WeixunClient.storyboardc/Info.plist
2019-05-08 08:37:09 +0000  copying file ./Payload/WeixunClient.app/Assets.car ... 
2019-05-08 08:37:09 +0000  108920 bytes for ./Payload/WeixunClient.app/Assets.car
2019-05-08 08:37:09 +0000  copying file ./Payload/WeixunClient.app/sp12.png ... 
2019-05-08 08:37:09 +0000  3744 bytes for ./Payload/WeixunClient.app/sp12.png
copying file ./Payload/WeixunClient.app/sp6.png ... 
2019-05-08 08:37:09 +0000  3748 bytes for ./Payload/WeixunClient.app/sp6.png
2019-05-08 08:37:09 +0000  copying file ./Payload/WeixunClient.app/AppIcon76x76@2x~ipad.png ... 
2019-05-08 08:37:09 +0000  3827 bytes for ./Payload/WeixunClient.app/AppIcon76x76@2x~ipad.png
copying file ./Payload/WeixunClient.app/sp2.png ... 
2019-05-08 08:37:09 +0000  3730 bytes for ./Payload/WeixunClient.app/sp2.png
2019-05-08 08:37:09 +0000  copying file ./Payload/WeixunClient.app/sp3.png ... 
2019-05-08 08:37:09 +0000  3755 bytes for ./Payload/WeixunClient.app/sp3.png
2019-05-08 08:37:09 +0000  copying file ./Payload/WeixunClient.app/sp1.png ... 
1611 bytes for ./Payload/WeixunClient.app/sp1.png
2019-05-08 08:37:09 +0000  copying file ./Payload/WeixunClient.app/home_logo.png ... 
2019-05-08 08:37:09 +0000  428224 bytes for ./Payload/WeixunClient.app/home_logo.png
copying file ./Payload/WeixunClient.app/setting_2.png ... 
2019-05-08 08:37:09 +0000  1182 bytes for ./Payload/WeixunClient.app/setting_2.png
copying file ./Payload/WeixunClient.app/embedded.mobileprovision ... 
2019-05-08 08:37:09 +0000  7550 bytes for ./Payload/WeixunClient.app/embedded.mobileprovision
copying file ./Payload/WeixunClient.app/float_home.png ... 
2019-05-08 08:37:09 +0000  3234 bytes for ./Payload/WeixunClient.app/float_home.png
copying file ./Payload/WeixunClient.app/arrow_down.png ... 
2019-05-08 08:37:09 +0000  973 bytes for ./Payload/WeixunClient.app/arrow_down.png
2019-05-08 08:37:09 +0000  copying file ./Payload/WeixunClient.app/Info.plist ... 
2019-05-08 08:37:09 +0000  1367 bytes for ./Payload/WeixunClient.app/Info.plist
2019-05-08 08:37:09 +0000  copying file ./Payload/WeixunClient.app/PkgInfo ... 
8 bytes for ./Payload/WeixunClient.app/PkgInfo
2019-05-08 08:37:09 +0000  copying file ./Payload/WeixunClient.app/float_disconnect.png ... 
2019-05-08 08:37:09 +0000  4636 bytes for ./Payload/WeixunClient.app/float_disconnect.png
2019-05-08 08:37:09 +0000  /usr/bin/ditto exited with 0
2019-05-08 08:37:09 +0000  Processing step: IDEDistributionAppStoreInformationStep
2019-05-08 08:37:09 +0000  Skipping step: IDEDistributionAppStoreInformationStep because it said so
2019-05-08 08:37:09 +0000  Processing step: IDEDistributionCreateManifestStep
